Crop and Control Parameters for SWAP-Samuca Model

Value			   Name(Type)		   
------------------!-------------------
      1           !idev              (I) Control
      1           !swgc              (I) Control
      1           !swcf    		     (I) Control
      1           !swinter 		     (I) Control
      1           !swcfbs  		     (I) Control
      1           !swroottyp         (I) Control
      1           !pgmethod          (I) Control
      2           !pfmethod          (I) Control
     10           !ngrnodes    	     (I) Crop
      2           !init_nlf    	     (I) Crop
      5           !maxdevgl		     (I) Crop
    390.          !co2     		     (R) Environment
    140.          !rowsp             (R) Management
     32.          !Topt              (R) Crop
     16.          !Tbi         	     (R) Crop
     11.0530      !tb                (R) Crop
	 16.0         !to_pg1            (R) Crop
	 35.0         !to_pg2            (R) Crop
	 42.0         !tbM               (R) Crop
      3.2         !rue               (R) Crop
     70.0         !sla               (R) Crop
      0.6500      !extcoef           (R) Crop
      0.8800      !sgpf              (R) Crop
      4.0000      !dpercoeff         (R) Crop
      0.6500      !sucmax            (R) Crop
     10.          !SucAccFac         (R) Inactive
    800.0000      !chustk            (R) Crop
   1200.0000      !chupeak           (R) Crop
   1230.0000      !chudec            (R) Crop
   2500.0000      !chumat            (R) Crop
     11.0000      !popmat            (R) Crop
     22.0000      !poppeak           (R) Crop
     10.0000      !maxgl             (R) Crop
     95.0000      !phyloc            (R) Crop
    675.0000      !mla               (R) Crop
     18.          !maxitdw     	     (R) Crop
      5.          !itshp       	     (R) Crop
      3.5         !sucshp      	     (R) Crop
      5.          !lfshp       	     (R) Crop
     18.0000      !srl               (R) Crop
     20.          !srlmax            (R) Crop
     15.          !srlmin            (R) Crop
    200.          !rdc 			     (R) Crop
      1.          !alphacrit 	     (R) Crop
     -0.1         !HLIM1  		     (R) Crop
     -5.          !HLIM2U 		     (R) Crop
     -5.          !HLIM2L 		     (R) Crop
   -790.0         !HLIM3H 		     (R) Crop
  -1000.0         !HLIM3L 		     (R) Crop
 -15000.0         !HLIM4  		     (R) Crop
      0.          !ADCRH  		     (R) Crop
      0.          !ADCRL  		     (R) Crop
      2.          !rwuep1            (R) Crop
      1.          !rwuep2            (R) Crop
      0.4         !cfbs    		     (R) Environment
      0.70        !kc_min  		     (R) Crop
      1.5         !eoratio 		     (R) Crop
      0.23        !albedo  		     (R) Crop
     90.          !rsc     		     (R) Crop
      0.          !rsw     		     (R) Crop
      0.25        !cofab 		     (R) Crop
     10.          !pdep_Rat          (R) Crop
      1.5         !init_stalk_fw     (R) Management
      2.          !init_stalk_ht     (R) Management
      2.          !nstalks_planting  (R) Management
      0.3         !frac_dw_pl        (R) Crop
      0.5         !frac_suc_pl       (R) Crop
      4.          !emerg_tillers     (R) Crop
      0.088       !shootrate_bg      (R) Crop
      0.048       !rootdrate         (R) Crop
      3.          !rootshape         (R) Crop
      0.6         !f_rts             (R) Crop
      0.0015      !initrootdwrate    (R) Crop
      0.00025     !biomass_useRate   (R) Crop
      0.05        !minrgpf           (R) Crop
      0.45        !maxlgpf           (R) Crop
      0.02        !rate_af(agefac)   (R) Crop
      0.5         !rgpf_be           (R) Crop
      7.          !pfshp             (R) Crop
      0.70        !maxsgpf_ap        (R) Crop
      8.          !lfcb_ratio        (R) Crop
      8.          !dwat_dws          (R) Crop
     -3.          !dwat_dsuc         (R) Crop  